<?xml version="1.0" encoding="UTF-8"?>
<!-- Generated by org.testng.reporters.JUnitReportReporter -->
<testsuite hostname="DESKTOP-NMESJHG" failures="0" tests="4" name="loginTesting.loginTesting" time="13.023" errors="0" timestamp="2023-06-27T07:50:34 ICT" skipped="0">
  <testcase classname="loginTesting.loginTesting" name="loginPass" time="4.810"/>
  <system-out/>
  <testcase classname="loginTesting.loginTesting" name="loginFail" time="3.000"/>
  <system-out/>
  <testcase classname="loginTesting.loginTesting" name="loginNull" time="2.049"/>
  <system-out/>
  <testcase classname="loginTesting.loginTesting" name="loginUsernameNull" time="3.164"/>
  <system-out/>
</testsuite> <!-- loginTesting.loginTesting -->
