<?xml version="1.0" encoding="UTF-8"?>
<!-- Generated by org.testng.reporters.JUnitReportReporter -->
<testsuite hostname="DESKTOP-NMESJHG" failures="0" tests="4" name="boxTesting.boxTesting" time="51.332" errors="0" timestamp="2023-06-27T08:10:35 ICT" skipped="0">
  <testcase classname="boxTesting.boxTesting" name="testKQThiPass" time="6.574"/>
  <system-out/>
  <testcase classname="boxTesting.boxTesting" name="testKHHTapPass" time="22.084"/>
  <system-out/>
  <testcase classname="boxTesting.boxTesting" name="testKHThiPass" time="16.510"/>
  <system-out/>
  <testcase classname="boxTesting.boxTesting" name="testKQThiFail" time="6.164"/>
  <system-out/>
</testsuite> <!-- boxTesting.boxTesting -->
