<?xml version="1.0" encoding="UTF-8"?>
<!-- Generated by org.testng.reporters.JUnitReportReporter -->
<testsuite hostname="DESKTOP-NMESJHG" failures="0" tests="5" name="cookieTesting.cookieTesting" time="25.023" errors="0" timestamp="2023-06-27T08:18:50 ICT" skipped="0">
  <testcase classname="cookieTesting.cookieTesting" name="cookieLifeTime" time="3.577"/>
  <system-out/>
  <testcase classname="cookieTesting.cookieTesting" name="secureCheck" time="5.209"/>
  <system-out/>
  <testcase classname="cookieTesting.cookieTesting" name="deleteCookie" time="5.981"/>
  <system-out/>
  <testcase classname="cookieTesting.cookieTesting" name="addCookie" time="4.978"/>
  <system-out/>
  <testcase classname="cookieTesting.cookieTesting" name="useCookie" time="5.278"/>
  <system-out/>
</testsuite> <!-- cookieTesting.cookieTesting -->
